0 info it worked if it ends with ok
1 verbose cli [ 'C:\\Program Files\\nodejs\\node.exe',
1 verbose cli   'C:\\Program Files\\nodejs\\node_modules\\npm\\bin\\npm-cli.js',
1 verbose cli   'start' ]
2 info using npm@3.3.12
3 info using node@v5.5.0
4 verbose run-script [ 'prestart', 'start', 'poststart' ]
5 info lifecycle movies-db-app@1.0.0~prestart: movies-db-app@1.0.0
6 verbose lifecycle movies-db-app@1.0.0~prestart: unsafe-perm in lifecycle true
7 verbose lifecycle movies-db-app@1.0.0~prestart: PATH: C:\Program Files\nodejs\node_modules\npm\bin\node-gyp-bin;\\ea-eng-23\users\electro\OneDrive\mystuff\code_institute\angularJS\moviesdb\mdb-nav\node_modules\.bin;C:\Users\electro\bin;C:\Program Files\Git\mingw64\bin;C:\Program Files\Git\usr\local\bin;C:\Program Files\Git\usr\bin;C:\Program Files\Git\usr\bin;C:\Program Files\Git\mingw64\bin;C:\Program Files\Git\usr\bin;C:\Users\electro\bin;C:\Program Files (x86)\Intel\iCLS Client;C:\Program Files\Intel\iCLS Client;C:\Windows\system32;C:\Windows;C:\Windows\System32\Wbem;C:\Windows\System32\WindowsPowerShell\v1.0;C:\Program Files\Intel\WiFi\bin;C:\Program Files\Common Files\Intel\WirelessCommon;C:\Program Files (x86)\Intel\Intel(R) Management Engine Components\DAL;C:\Program Files\Intel\Intel(R) Management Engine Components\DAL;C:\Program Files (x86)\Intel\Intel(R) Management Engine Components\IPT;C:\Program Files\Intel\Intel(R) Management Engine Components\IPT;C:\Program Files (x86)\Panda Security\WaAgent\Common;C:\Program Files\nodejs;C:\Users\electro\AppData\Roaming\npm;C:\Program Files\Git\usr\bin\vendor_perl;C:\Program Files\Git\usr\bin\core_perl
8 verbose lifecycle movies-db-app@1.0.0~prestart: CWD: \\ea-eng-23\users\electro\OneDrive\mystuff\code_institute\angularJS\moviesdb\mdb-nav
9 silly lifecycle movies-db-app@1.0.0~prestart: Args: [ '/d /s /c', 'npm install' ]
10 silly lifecycle movies-db-app@1.0.0~prestart: Returned: code: 4294963248  signal: null
11 info lifecycle movies-db-app@1.0.0~prestart: Failed to exec prestart script
12 verbose stack Error: movies-db-app@1.0.0 prestart: `npm install`
12 verbose stack Exit status 4294963248
12 verbose stack     at EventEmitter.<anonymous> (C:\Program Files\nodejs\node_modules\npm\lib\utils\lifecycle.js:232:16)
12 verbose stack     at emitTwo (events.js:100:13)
12 verbose stack     at EventEmitter.emit (events.js:185:7)
12 verbose stack     at ChildProcess.<anonymous> (C:\Program Files\nodejs\node_modules\npm\lib\utils\spawn.js:24:14)
12 verbose stack     at emitTwo (events.js:100:13)
12 verbose stack     at ChildProcess.emit (events.js:185:7)
12 verbose stack     at maybeClose (internal/child_process.js:821:16)
12 verbose stack     at Process.ChildProcess._handle.onexit (internal/child_process.js:211:5)
13 verbose pkgid movies-db-app@1.0.0
14 verbose cwd \\ea-eng-23\users\electro\OneDrive\mystuff\code_institute\angularJS\moviesdb\mdb-nav
15 error Windows_NT 6.1.7601
16 error argv "C:\\Program Files\\nodejs\\node.exe" "C:\\Program Files\\nodejs\\node_modules\\npm\\bin\\npm-cli.js" "start"
17 error node v5.5.0
18 error npm  v3.3.12
19 error code ELIFECYCLE
20 error movies-db-app@1.0.0 prestart: `npm install`
20 error Exit status 4294963248
21 error Failed at the movies-db-app@1.0.0 prestart script 'npm install'.
21 error Make sure you have the latest version of node.js and npm installed.
21 error If you do, this is most likely a problem with the movies-db-app package,
21 error not with npm itself.
21 error Tell the author that this fails on your system:
21 error     npm install
21 error You can get their info via:
21 error     npm owner ls movies-db-app
21 error There is likely additional logging output above.
22 verbose exit [ 1, true ]
